<?xml version="1.0" encoding="UTF-8"?>
<testng-results skipped="0" failed="0" total="1" passed="1">
  <reporter-output>
  </reporter-output>
  <suite name="Execuitions" duration-ms="47" started-at="2016-01-05T15:25:32Z" finished-at="2016-01-05T15:25:32Z">
    <groups>
    </groups>
    <test name="Add" duration-ms="47" started-at="2016-01-05T15:25:32Z" finished-at="2016-01-05T15:25:32Z">
      <class name="com.test.ant.Dummy">
        <test-method status="PASS" signature="addNumbers()[pri:0, instance:com.test.ant.Dummy@2a098129]" name="addNumbers" duration-ms="16" started-at="2016-01-05T20:55:32Z" finished-at="2016-01-05T20:55:32Z">
          <reporter-output>
          </reporter-output>
        </test-method> <!-- addNumbers -->
      </class> <!-- com.test.ant.Dummy -->
    </test> <!-- Add -->
  </suite> <!-- Execuitions -->
</testng-results>
